------------|---------|----------|---------|---------|-------------------
File        | % Stmts | % Branch | % Funcs | % Lines | Uncovered Line #s 
------------|---------|----------|---------|---------|-------------------
All files   |     100 |      100 |     100 |     100 |                   
 About.js   |     100 |      100 |     100 |     100 |                   
 Button.js  |     100 |      100 |     100 |     100 |                   
 Home.js    |     100 |      100 |     100 |     100 |                   
 TextBox.js |     100 |      100 |     100 |     100 |                   
------------|---------|----------|---------|---------|-------------------
