<?xml version="1.0" encoding="UTF-8"?>
<coverage generated="1713883639806" clover="3.2.0">
  <project timestamp="1713883639806" name="All files">
    <metrics statements="51" coveredstatements="51" conditionals="23" coveredconditionals="23" methods="22" coveredmethods="22" elements="96" coveredelements="96" complexity="0" loc="51" ncloc="51" packages="1" files="2" classes="2"/>
    <file name="Button.js" path="/Users/alexepaul/Documents/GitHub/TestareaSistemelorSoftware/CalculatorApp/components/Button.js">
      <metrics statements="3" coveredstatements="3" conditionals="2" coveredconditionals="2" methods="1" coveredmethods="1"/>
      <line num="3" count="1" type="stmt"/>
      <line num="9" count="1007" type="stmt"/>
      <line num="18" count="1" type="stmt"/>
    </file>
    <file name="Home.js" path="/Users/alexepaul/Documents/GitHub/TestareaSistemelorSoftware/CalculatorApp/components/Home.js">
      <metrics statements="48" coveredstatements="48" conditionals="21" coveredconditionals="21" methods="21" coveredmethods="21"/>
      <line num="4" count="1" type="stmt"/>
      <line num="5" count="53" type="stmt"/>
      <line num="6" count="53" type="stmt"/>
      <line num="7" count="5" type="stmt"/>
      <line num="8" count="5" type="stmt"/>
      <line num="9" count="27" type="cond" truecount="2" falsecount="0"/>
      <line num="10" count="26" type="stmt"/>
      <line num="12" count="5" type="stmt"/>
      <line num="13" count="5" type="stmt"/>
      <line num="14" count="5" type="cond" truecount="2" falsecount="0"/>
      <line num="21" count="1" type="stmt"/>
      <line num="23" count="5" type="stmt"/>
      <line num="24" count="5" type="stmt"/>
      <line num="25" count="5" type="stmt"/>
      <line num="27" count="53" type="stmt"/>
      <line num="28" count="5" type="stmt"/>
      <line num="29" count="5" type="stmt"/>
      <line num="30" count="5" type="cond" truecount="6" falsecount="0"/>
      <line num="31" count="1" type="stmt"/>
      <line num="32" count="1" type="stmt"/>
      <line num="34" count="4" type="stmt"/>
      <line num="35" count="4" type="stmt"/>
      <line num="39" count="53" type="stmt"/>
      <line num="40" count="1" type="stmt"/>
      <line num="43" count="53" type="stmt"/>
      <line num="44" count="2" type="stmt"/>
      <line num="45" count="2" type="stmt"/>
      <line num="46" count="2" type="cond" truecount="6" falsecount="0"/>
      <line num="47" count="1" type="stmt"/>
      <line num="49" count="2" type="stmt"/>
      <line num="51" count="53" type="stmt"/>
      <line num="64" count="1" type="stmt"/>
      <line num="73" count="1" type="stmt"/>
      <line num="78" count="1" type="stmt"/>
      <line num="79" count="1" type="stmt"/>
      <line num="80" count="1" type="stmt"/>
      <line num="81" count="1" type="stmt"/>
      <line num="86" count="1" type="stmt"/>
      <line num="87" count="1" type="stmt"/>
      <line num="88" count="1" type="stmt"/>
      <line num="89" count="1" type="stmt"/>
      <line num="94" count="2" type="stmt"/>
      <line num="95" count="3" type="stmt"/>
      <line num="96" count="2" type="stmt"/>
      <line num="97" count="2" type="stmt"/>
      <line num="102" count="1" type="stmt"/>
      <line num="105" count="1" type="stmt"/>
      <line num="116" count="1" type="stmt"/>
    </file>
  </project>
</coverage>
