{"total": {"lines":{"total":58,"covered":23,"skipped":0,"pct":39.65},"statements":{"total":59,"covered":23,"skipped":0,"pct":38.98},"functions":{"total":25,"covered":10,"skipped":0,"pct":40},"branches":{"total":23,"covered":2,"skipped":0,"pct":8.69},"branchesTrue":{"total":0,"covered":0,"skipped":0,"pct":"Unknown"}}
,"/home/runner/work/TestareaSistemelorSoftware/TestareaSistemelorSoftware/CalculatorApp/components/About.js": {"lines":{"total":4,"covered":3,"skipped":0,"pct":75},"functions":{"total":2,"covered":1,"skipped":0,"pct":50},"statements":{"total":4,"covered":3,"skipped":0,"pct":75},"branches":{"total":0,"covered":0,"skipped":0,"pct":100}}
,"/home/runner/work/TestareaSistemelorSoftware/TestareaSistemelorSoftware/CalculatorApp/components/Button.js": {"lines":{"total":3,"covered":3,"skipped":0,"pct":100},"functions":{"total":1,"covered":1,"skipped":0,"pct":100},"statements":{"total":3,"covered":3,"skipped":0,"pct":100},"branches":{"total":2,"covered":2,"skipped":0,"pct":100}}
,"/home/runner/work/TestareaSistemelorSoftware/TestareaSistemelorSoftware/CalculatorApp/components/Home.js": {"lines":{"total":48,"covered":14,"skipped":0,"pct":29.16},"functions":{"total":21,"covered":7,"skipped":0,"pct":33.33},"statements":{"total":49,"covered":14,"skipped":0,"pct":28.57},"branches":{"total":21,"covered":0,"skipped":0,"pct":0}}
,"/home/runner/work/TestareaSistemelorSoftware/TestareaSistemelorSoftware/CalculatorApp/components/TextBox.js": {"lines":{"total":3,"covered":3,"skipped":0,"pct":100},"functions":{"total":1,"covered":1,"skipped":0,"pct":100},"statements":{"total":3,"covered":3,"skipped":0,"pct":100},"branches":{"total":0,"covered":0,"skipped":0,"pct":100}}
}
