{"/Users/alexepaul/Documents/GitHub/TestareaSistemelorSoftware/CalculatorApp/components/Button.js": {"path":"/Users/alexepaul/Documents/GitHub/TestareaSistemelorSoftware/CalculatorApp/components/Button.js","statementMap":{"0":{"start":{"line":3,"column":15},"end":{"line":16,"column":1}},"1":{"start":{"line":9,"column":2},"end":{"line":15,"column":4}},"2":{"start":{"line":18,"column":15},"end":{"line":31,"column":2}}},"fnMap":{"0":{"name":"(anonymous_0)","decl":{"start":{"line":3,"column":15},"end":{"line":3,"column":16}},"loc":{"start":{"line":8,"column":6},"end":{"line":16,"column":1}},"line":8}},"branchMap":{"0":{"loc":{"start":{"line":5,"column":2},"end":{"line":5,"column":29}},"type":"default-arg","locations":[{"start":{"line":5,"column":20},"end":{"line":5,"column":29}}],"line":5},"1":{"loc":{"start":{"line":6,"column":2},"end":{"line":6,"column":12}},"type":"default-arg","locations":[{"start":{"line":6,"column":10},"end":{"line":6,"column":12}}],"line":6}},"s":{"0":1,"1":1007,"2":1},"f":{"0":1007},"b":{"0":[583],"1":[954]},"_coverageSchema":"1a1c01bbd47fc00a2c39e90264f33305004495a9","hash":"38e7f59d7900ff0054dabd099e3edd8985b3706f"}
,"/Users/alexepaul/Documents/GitHub/TestareaSistemelorSoftware/CalculatorApp/components/Home.js": {"path":"/Users/alexepaul/Documents/GitHub/TestareaSistemelorSoftware/CalculatorApp/components/Home.js","statementMap":{"0":{"start":{"line":4,"column":13},"end":{"line":114,"column":1}},"1":{"start":{"line":5,"column":28},"end":{"line":5,"column":40}},"2":{"start":{"line":6,"column":19},"end":{"line":26,"column":3}},"3":{"start":{"line":7,"column":23},"end":{"line":7,"column":25}},"4":{"start":{"line":8,"column":4},"end":{"line":11,"column":5}},"5":{"start":{"line":9,"column":6},"end":{"line":10,"column":29}},"6":{"start":{"line":9,"column":21},"end":{"line":9,"column":55}},"7":{"start":{"line":10,"column":11},"end":{"line":10,"column":29}},"8":{"start":{"line":12,"column":17},"end":{"line":12,"column":61}},"9":{"start":{"line":13,"column":4},"end":{"line":13,"column":22}},"10":{"start":{"line":14,"column":4},"end":{"line":22,"column":5}},"11":{"start":{"line":21,"column":6},"end":{"line":21,"column":68}},"12":{"start":{"line":23,"column":4},"end":{"line":23,"column":30}},"13":{"start":{"line":24,"column":19},"end":{"line":24,"column":42}},"14":{"start":{"line":25,"column":4},"end":{"line":25,"column":21}},"15":{"start":{"line":27,"column":22},"end":{"line":37,"column":3}},"16":{"start":{"line":28,"column":14},"end":{"line":28,"column":19}},"17":{"start":{"line":29,"column":17},"end":{"line":29,"column":43}},"18":{"start":{"line":30,"column":4},"end":{"line":36,"column":5}},"19":{"start":{"line":31,"column":6},"end":{"line":31,"column":34}},"20":{"start":{"line":32,"column":6},"end":{"line":32,"column":20}},"21":{"start":{"line":34,"column":6},"end":{"line":34,"column":21}},"22":{"start":{"line":35,"column":6},"end":{"line":35,"column":20}},"23":{"start":{"line":39,"column":16},"end":{"line":41,"column":3}},"24":{"start":{"line":40,"column":4},"end":{"line":40,"column":47}},"25":{"start":{"line":43,"column":21},"end":{"line":50,"column":3}},"26":{"start":{"line":44,"column":14},"end":{"line":44,"column":19}},"27":{"start":{"line":45,"column":15},"end":{"line":45,"column":45}},"28":{"start":{"line":46,"column":4},"end":{"line":48,"column":5}},"29":{"start":{"line":47,"column":6},"end":{"line":47,"column":41}},"30":{"start":{"line":49,"column":4},"end":{"line":49,"column":38}},"31":{"start":{"line":51,"column":2},"end":{"line":113,"column":4}},"32":{"start":{"line":64,"column":33},"end":{"line":64,"column":45}},"33":{"start":{"line":73,"column":33},"end":{"line":73,"column":49}},"34":{"start":{"line":78,"column":33},"end":{"line":78,"column":54}},"35":{"start":{"line":79,"column":33},"end":{"line":79,"column":54}},"36":{"start":{"line":80,"column":33},"end":{"line":80,"column":54}},"37":{"start":{"line":81,"column":33},"end":{"line":81,"column":49}},"38":{"start":{"line":86,"column":33},"end":{"line":86,"column":54}},"39":{"start":{"line":87,"column":33},"end":{"line":87,"column":54}},"40":{"start":{"line":88,"column":33},"end":{"line":88,"column":54}},"41":{"start":{"line":89,"column":33},"end":{"line":89,"column":49}},"42":{"start":{"line":94,"column":33},"end":{"line":94,"column":54}},"43":{"start":{"line":95,"column":33},"end":{"line":95,"column":54}},"44":{"start":{"line":96,"column":33},"end":{"line":96,"column":54}},"45":{"start":{"line":97,"column":33},"end":{"line":97,"column":49}},"46":{"start":{"line":102,"column":33},"end":{"line":102,"column":54}},"47":{"start":{"line":105,"column":33},"end":{"line":105,"column":54}},"48":{"start":{"line":116,"column":15},"end":{"line":140,"column":2}}},"fnMap":{"0":{"name":"(anonymous_0)","decl":{"start":{"line":4,"column":13},"end":{"line":4,"column":14}},"loc":{"start":{"line":4,"column":19},"end":{"line":114,"column":1}},"line":4},"1":{"name":"(anonymous_1)","decl":{"start":{"line":6,"column":19},"end":{"line":6,"column":20}},"loc":{"start":{"line":6,"column":25},"end":{"line":26,"column":3}},"line":6},"2":{"name":"(anonymous_2)","decl":{"start":{"line":27,"column":22},"end":{"line":27,"column":23}},"loc":{"start":{"line":27,"column":30},"end":{"line":37,"column":3}},"line":27},"3":{"name":"(anonymous_3)","decl":{"start":{"line":39,"column":16},"end":{"line":39,"column":17}},"loc":{"start":{"line":39,"column":22},"end":{"line":41,"column":3}},"line":39},"4":{"name":"(anonymous_4)","decl":{"start":{"line":43,"column":21},"end":{"line":43,"column":22}},"loc":{"start":{"line":43,"column":27},"end":{"line":50,"column":3}},"line":43},"5":{"name":"(anonymous_5)","decl":{"start":{"line":64,"column":27},"end":{"line":64,"column":28}},"loc":{"start":{"line":64,"column":33},"end":{"line":64,"column":45}},"line":64},"6":{"name":"(anonymous_6)","decl":{"start":{"line":73,"column":27},"end":{"line":73,"column":28}},"loc":{"start":{"line":73,"column":33},"end":{"line":73,"column":49}},"line":73},"7":{"name":"(anonymous_7)","decl":{"start":{"line":78,"column":27},"end":{"line":78,"column":28}},"loc":{"start":{"line":78,"column":33},"end":{"line":78,"column":54}},"line":78},"8":{"name":"(anonymous_8)","decl":{"start":{"line":79,"column":27},"end":{"line":79,"column":28}},"loc":{"start":{"line":79,"column":33},"end":{"line":79,"column":54}},"line":79},"9":{"name":"(anonymous_9)","decl":{"start":{"line":80,"column":27},"end":{"line":80,"column":28}},"loc":{"start":{"line":80,"column":33},"end":{"line":80,"column":54}},"line":80},"10":{"name":"(anonymous_10)","decl":{"start":{"line":81,"column":27},"end":{"line":81,"column":28}},"loc":{"start":{"line":81,"column":33},"end":{"line":81,"column":49}},"line":81},"11":{"name":"(anonymous_11)","decl":{"start":{"line":86,"column":27},"end":{"line":86,"column":28}},"loc":{"start":{"line":86,"column":33},"end":{"line":86,"column":54}},"line":86},"12":{"name":"(anonymous_12)","decl":{"start":{"line":87,"column":27},"end":{"line":87,"column":28}},"loc":{"start":{"line":87,"column":33},"end":{"line":87,"column":54}},"line":87},"13":{"name":"(anonymous_13)","decl":{"start":{"line":88,"column":27},"end":{"line":88,"column":28}},"loc":{"start":{"line":88,"column":33},"end":{"line":88,"column":54}},"line":88},"14":{"name":"(anonymous_14)","decl":{"start":{"line":89,"column":27},"end":{"line":89,"column":28}},"loc":{"start":{"line":89,"column":33},"end":{"line":89,"column":49}},"line":89},"15":{"name":"(anonymous_15)","decl":{"start":{"line":94,"column":27},"end":{"line":94,"column":28}},"loc":{"start":{"line":94,"column":33},"end":{"line":94,"column":54}},"line":94},"16":{"name":"(anonymous_16)","decl":{"start":{"line":95,"column":27},"end":{"line":95,"column":28}},"loc":{"start":{"line":95,"column":33},"end":{"line":95,"column":54}},"line":95},"17":{"name":"(anonymous_17)","decl":{"start":{"line":96,"column":27},"end":{"line":96,"column":28}},"loc":{"start":{"line":96,"column":33},"end":{"line":96,"column":54}},"line":96},"18":{"name":"(anonymous_18)","decl":{"start":{"line":97,"column":27},"end":{"line":97,"column":28}},"loc":{"start":{"line":97,"column":33},"end":{"line":97,"column":49}},"line":97},"19":{"name":"(anonymous_19)","decl":{"start":{"line":102,"column":27},"end":{"line":102,"column":28}},"loc":{"start":{"line":102,"column":33},"end":{"line":102,"column":54}},"line":102},"20":{"name":"(anonymous_20)","decl":{"start":{"line":105,"column":27},"end":{"line":105,"column":28}},"loc":{"start":{"line":105,"column":33},"end":{"line":105,"column":54}},"line":105}},"branchMap":{"0":{"loc":{"start":{"line":9,"column":6},"end":{"line":10,"column":29}},"type":"if","locations":[{"start":{"line":9,"column":6},"end":{"line":10,"column":29}},{"start":{"line":10,"column":11},"end":{"line":10,"column":29}}],"line":9},"1":{"loc":{"start":{"line":14,"column":4},"end":{"line":22,"column":5}},"type":"if","locations":[{"start":{"line":14,"column":4},"end":{"line":22,"column":5}},{"start":{},"end":{}}],"line":14},"2":{"loc":{"start":{"line":15,"column":6},"end":{"line":19,"column":17}},"type":"binary-expr","locations":[{"start":{"line":15,"column":6},"end":{"line":15,"column":18}},{"start":{"line":16,"column":6},"end":{"line":16,"column":18}},{"start":{"line":17,"column":6},"end":{"line":17,"column":18}},{"start":{"line":18,"column":6},"end":{"line":18,"column":17}},{"start":{"line":19,"column":6},"end":{"line":19,"column":17}}],"line":15},"3":{"loc":{"start":{"line":30,"column":4},"end":{"line":36,"column":5}},"type":"if","locations":[{"start":{"line":30,"column":4},"end":{"line":36,"column":5}},{"start":{"line":33,"column":11},"end":{"line":36,"column":5}}],"line":30},"4":{"loc":{"start":{"line":30,"column":8},"end":{"line":30,"column":68}},"type":"binary-expr","locations":[{"start":{"line":30,"column":8},"end":{"line":30,"column":20}},{"start":{"line":30,"column":24},"end":{"line":30,"column":36}},{"start":{"line":30,"column":40},"end":{"line":30,"column":52}},{"start":{"line":30,"column":56},"end":{"line":30,"column":68}}],"line":30},"5":{"loc":{"start":{"line":46,"column":4},"end":{"line":48,"column":5}},"type":"if","locations":[{"start":{"line":46,"column":4},"end":{"line":48,"column":5}},{"start":{},"end":{}}],"line":46},"6":{"loc":{"start":{"line":46,"column":8},"end":{"line":46,"column":68}},"type":"binary-expr","locations":[{"start":{"line":46,"column":8},"end":{"line":46,"column":20}},{"start":{"line":46,"column":24},"end":{"line":46,"column":36}},{"start":{"line":46,"column":40},"end":{"line":46,"column":52}},{"start":{"line":46,"column":56},"end":{"line":46,"column":68}}],"line":46}},"s":{"0":1,"1":53,"2":53,"3":5,"4":5,"5":27,"6":1,"7":26,"8":5,"9":5,"10":5,"11":1,"12":5,"13":5,"14":5,"15":53,"16":5,"17":5,"18":5,"19":1,"20":1,"21":4,"22":4,"23":53,"24":1,"25":53,"26":2,"27":2,"28":2,"29":1,"30":2,"31":53,"32":1,"33":1,"34":1,"35":1,"36":1,"37":1,"38":1,"39":1,"40":1,"41":1,"42":2,"43":3,"44":2,"45":2,"46":1,"47":1,"48":1},"f":{"0":53,"1":5,"2":5,"3":1,"4":2,"5":1,"6":1,"7":1,"8":1,"9":1,"10":1,"11":1,"12":1,"13":1,"14":1,"15":2,"16":3,"17":2,"18":2,"19":1,"20":1},"b":{"0":[1,26],"1":[1,4],"2":[5,4,4,4,4],"3":[1,4],"4":[5,5,5,5],"5":[1,1],"6":[2,1,1,1]},"_coverageSchema":"1a1c01bbd47fc00a2c39e90264f33305004495a9","hash":"298e679177ae1d6fbe760c654a086d8f3859939a"}
}
