{"total": {"lines":{"total":51,"covered":13,"skipped":0,"pct":25.49},"statements":{"total":52,"covered":13,"skipped":0,"pct":25},"functions":{"total":22,"covered":4,"skipped":0,"pct":18.18},"branches":{"total":23,"covered":2,"skipped":0,"pct":8.69},"branchesTrue":{"total":0,"covered":0,"skipped":0,"pct":"Unknown"}}
,"/home/runner/work/TestareaSistemelorSoftware/TestareaSistemelorSoftware/CalculatorApp/components/Button.js": {"lines":{"total":3,"covered":3,"skipped":0,"pct":100},"functions":{"total":1,"covered":1,"skipped":0,"pct":100},"statements":{"total":3,"covered":3,"skipped":0,"pct":100},"branches":{"total":2,"covered":2,"skipped":0,"pct":100}}
,"/home/runner/work/TestareaSistemelorSoftware/TestareaSistemelorSoftware/CalculatorApp/components/Home.js": {"lines":{"total":48,"covered":10,"skipped":0,"pct":20.83},"functions":{"total":21,"covered":3,"skipped":0,"pct":14.28},"statements":{"total":49,"covered":10,"skipped":0,"pct":20.4},"branches":{"total":21,"covered":0,"skipped":0,"pct":0}}
}
