TN:
SF:components/Button.js
FN:3,(anonymous_0)
FNF:1
FNH:1
FNDA:1007,(anonymous_0)
DA:3,1
DA:9,1007
DA:18,1
LF:3
LH:3
BRDA:5,0,0,583
BRDA:6,1,0,954
BRF:2
BRH:2
end_of_record
TN:
SF:components/Home.js
FN:4,(anonymous_0)
FN:6,(anonymous_1)
FN:27,(anonymous_2)
FN:39,(anonymous_3)
FN:43,(anonymous_4)
FN:64,(anonymous_5)
FN:73,(anonymous_6)
FN:78,(anonymous_7)
FN:79,(anonymous_8)
FN:80,(anonymous_9)
FN:81,(anonymous_10)
FN:86,(anonymous_11)
FN:87,(anonymous_12)
FN:88,(anonymous_13)
FN:89,(anonymous_14)
FN:94,(anonymous_15)
FN:95,(anonymous_16)
FN:96,(anonymous_17)
FN:97,(anonymous_18)
FN:102,(anonymous_19)
FN:105,(anonymous_20)
FNF:21
FNH:21
FNDA:53,(anonymous_0)
FNDA:5,(anonymous_1)
FNDA:5,(anonymous_2)
FNDA:1,(anonymous_3)
FNDA:2,(anonymous_4)
FNDA:1,(anonymous_5)
FNDA:1,(anonymous_6)
FNDA:1,(anonymous_7)
FNDA:1,(anonymous_8)
FNDA:1,(anonymous_9)
FNDA:1,(anonymous_10)
FNDA:1,(anonymous_11)
FNDA:1,(anonymous_12)
FNDA:1,(anonymous_13)
FNDA:1,(anonymous_14)
FNDA:2,(anonymous_15)
FNDA:3,(anonymous_16)
FNDA:2,(anonymous_17)
FNDA:2,(anonymous_18)
FNDA:1,(anonymous_19)
FNDA:1,(anonymous_20)
DA:4,1
DA:5,53
DA:6,53
DA:7,5
DA:8,5
DA:9,27
DA:10,26
DA:12,5
DA:13,5
DA:14,5
DA:21,1
DA:23,5
DA:24,5
DA:25,5
DA:27,53
DA:28,5
DA:29,5
DA:30,5
DA:31,1
DA:32,1
DA:34,4
DA:35,4
DA:39,53
DA:40,1
DA:43,53
DA:44,2
DA:45,2
DA:46,2
DA:47,1
DA:49,2
DA:51,53
DA:64,1
DA:73,1
DA:78,1
DA:79,1
DA:80,1
DA:81,1
DA:86,1
DA:87,1
DA:88,1
DA:89,1
DA:94,2
DA:95,3
DA:96,2
DA:97,2
DA:102,1
DA:105,1
DA:116,1
LF:48
LH:48
BRDA:9,0,0,1
BRDA:9,0,1,26
BRDA:14,1,0,1
BRDA:14,1,1,4
BRDA:15,2,0,5
BRDA:15,2,1,4
BRDA:15,2,2,4
BRDA:15,2,3,4
BRDA:15,2,4,4
BRDA:30,3,0,1
BRDA:30,3,1,4
BRDA:30,4,0,5
BRDA:30,4,1,5
BRDA:30,4,2,5
BRDA:30,4,3,5
BRDA:46,5,0,1
BRDA:46,5,1,1
BRDA:46,6,0,2
BRDA:46,6,1,1
BRDA:46,6,2,1
BRDA:46,6,3,1
BRF:21
BRH:21
end_of_record
